[2021-02-24 11:43:28] App\Repositories\UsuarioRepository.ERROR: SQLSTATE[42S22]: Column not found: 1054 Unknown column 'correo' in 'where clause' (SQL: select * from `usuario` where `correo` =  and `password` = 356a192b7913b04c54574d18c28d46e6395428ab limit 1) [] []
[2021-02-24 11:47:38] App\Repositories\UsuarioRepository.ERROR: SQLSTATE[42S22]: Column not found: 1054 Unknown column 'rol_id' in 'field list' (SQL: insert into `usuario` (`id`, `rol_id`, `nombre`, `apellido`, `correo`, `estado`, `municipio`, `password`, `updated_at`, `created_at`) values (, , , , , 26, , e325112822be5b8cc43f3655279133451f1580ee, 2021-02-24 11:47:38, 2021-02-24 11:47:38)) [] []
[2021-02-24 11:47:54] App\Repositories\UsuarioRepository.ERROR: SQLSTATE[42S22]: Column not found: 1054 Unknown column 'rol_id' in 'field list' (SQL: insert into `usuario` (`id`, `rol_id`, `nombre`, `apellido`, `correo`, `estado`, `municipio`, `password`, `updated_at`, `created_at`) values (, , , , , 26, , e325112822be5b8cc43f3655279133451f1580ee, 2021-02-24 11:47:54, 2021-02-24 11:47:54)) [] []
[2021-02-24 11:49:01] App\Repositories\UsuarioRepository.ERROR: SQLSTATE[42S22]: Column not found: 1054 Unknown column 'rol_id' in 'field list' (SQL: insert into `usuario` (`id`, `rol_id`, `nombre`, `apellido`, `correo`, `estado`, `municipio`, `password`, `updated_at`, `created_at`) values (, , , , , 26, , e325112822be5b8cc43f3655279133451f1580ee, 2021-02-24 11:49:01, 2021-02-24 11:49:01)) [] []
[2021-02-24 11:50:42] App\Repositories\UsuarioRepository.ERROR: SQLSTATE[42S22]: Column not found: 1054 Unknown column 'rol_id' in 'field list' (SQL: insert into `usuario` (`id`, `rol_id`, `nombre`, `apellido`, `correo`, `estado`, `municipio`, `password`, `updated_at`, `created_at`) values (, , , , , 26, , e325112822be5b8cc43f3655279133451f1580ee, 2021-02-24 11:50:42, 2021-02-24 11:50:42)) [] []
[2021-02-24 11:50:50] App\Repositories\UsuarioRepository.ERROR: SQLSTATE[42S22]: Column not found: 1054 Unknown column 'rol_id' in 'field list' (SQL: insert into `usuario` (`id`, `rol_id`, `nombre`, `apellido`, `correo`, `estado`, `municipio`, `password`, `updated_at`, `created_at`) values (, , , , , 26, , e325112822be5b8cc43f3655279133451f1580ee, 2021-02-24 11:50:50, 2021-02-24 11:50:50)) [] []
[2021-02-24 11:56:45] App\Repositories\UsuarioRepository.ERROR: SQLSTATE[42S22]: Column not found: 1054 Unknown column 'rol_id' in 'field list' (SQL: insert into `usuario` (`id`, `rol_id`, `nombre`, `apellido`, `correo`, `estado`, `municipio`, `password`, `updated_at`, `created_at`) values (, 2, , , , 26, , e325112822be5b8cc43f3655279133451f1580ee, 2021-02-24 11:56:45, 2021-02-24 11:56:45)) [] []
[2021-02-24 12:00:15] App\Repositories\UsuarioRepository.ERROR: SQLSTATE[42S22]: Column not found: 1054 Unknown column 'correo' in 'field list' (SQL: insert into `usuario` (`id`, `rol_id`, `usuario`, `email`, `correo`, `direccion`, `estado`, `municipio`, `password`, `updated_at`, `created_at`) values (, 2, miguel, , , Tepic 7 Col. Palo Verde, 26, , e325112822be5b8cc43f3655279133451f1580ee, 2021-02-24 12:00:15, 2021-02-24 12:00:15)) [] []
[2021-02-24 12:04:15] App\Repositories\UsuarioRepository.ERROR: SQLSTATE[42S22]: Column not found: 1054 Unknown column 'correo' in 'where clause' (SQL: select * from `usuario` where `correo` = miguelvaleriobe@gmail.com and `password` = e325112822be5b8cc43f3655279133451f1580ee limit 1) [] []
[2021-02-24 12:06:36] App\Repositories\UsuarioRepository.ERROR: SQLSTATE[42S22]: Column not found: 1054 Unknown column 'correo' in 'where clause' (SQL: select * from `usuario` where `correo` = miguelvaleriobe@gmail.com and `password` = e325112822be5b8cc43f3655279133451f1580ee limit 1) [] []
[2021-02-24 12:09:13] App\Repositories\UsuarioRepository.ERROR: SQLSTATE[42S22]: Column not found: 1054 Unknown column 'correo' in 'where clause' (SQL: select * from `usuario` where `correo` = miguelvaleriobe@gmail.com and `password` = e325112822be5b8cc43f3655279133451f1580ee limit 1) [] []
[2021-02-24 12:10:17] App\Repositories\UsuarioRepository.ERROR: Function mcrypt_get_iv_size() is deprecated [] []
[2021-02-24 12:10:22] App\Repositories\UsuarioRepository.ERROR: Function mcrypt_get_iv_size() is deprecated [] []
[2021-02-24 18:07:56] App\Repositories\RegistrogRepository.ERROR: SQLSTATE[42S02]: Base table or view not found: 1146 Table 'adwiseco_herramientas.registrog' doesn't exist (SQL: select * from `registrog` where `registrog`.`id` = 2 limit 1) [] []
[2021-02-24 18:08:09] App\Repositories\RegistrogRepository.ERROR: SQLSTATE[42S02]: Base table or view not found: 1146 Table 'adwiseco_herramientas.registrog' doesn't exist (SQL: select * from `registrog` where `registrog`.`id` = 2 limit 1) [] []
[2021-02-24 18:08:50] App\Repositories\RegistrogRepository.ERROR: SQLSTATE[42S02]: Base table or view not found: 1146 Table 'adwiseco_herramientas.registrog' doesn't exist (SQL: select * from `registrog` where `registrog`.`id` = 2 limit 1) [] []
[2021-02-24 18:11:21] App\Repositories\RegistrogRepository.ERROR: SQLSTATE[42S02]: Base table or view not found: 1146 Table 'adwiseco_herramientas.registrog' doesn't exist (SQL: select * from `registrog` where `registrog`.`id` = 2 limit 1) [] []
[2021-02-24 18:11:21] App\Repositories\RegistrogRepository.ERROR: SQLSTATE[42S02]: Base table or view not found: 1146 Table 'adwiseco_herramientas.registrog' doesn't exist (SQL: select * from `registrog` where `registrog`.`id` = 2 limit 1) [] []
[2021-02-24 18:12:56] App\Repositories\RegistrogRepository.ERROR: SQLSTATE[42S02]: Base table or view not found: 1146 Table 'adwiseco_herramientas.registrog' doesn't exist (SQL: select * from `registrog` where `registrog`.`id` = 2 limit 1) [] []
[2021-02-24 18:12:56] App\Repositories\RegistrogRepository.ERROR: SQLSTATE[42S02]: Base table or view not found: 1146 Table 'adwiseco_herramientas.registrog' doesn't exist (SQL: select * from `registrog` where `registrog`.`id` = 2 limit 1) [] []
[2021-02-24 18:15:16] App\Repositories\RegistrogRepository.ERROR: SQLSTATE[42S22]: Column not found: 1054 Unknown column 'id_emp' in 'where clause' (SQL: select * from `cuestionariog` where `id_emp` = 2) [] []
[2021-02-24 20:15:11] App\Repositories\RegistrogRepository.ERROR: SQLSTATE[42S22]: Column not found: 1054 Unknown column 'os1' in 'field list' (SQL: update `cuestionariog` set `id` = 2, `os1` = 0.6, `os2` = 0.8, `os3` = 0.4, `os4` = 0.8, `updated_at` = 2021-02-24 20:15:11 where `id` = 2) [] []
[2021-02-24 20:16:00] App\Repositories\RegistrogRepository.ERROR: SQLSTATE[42S22]: Column not found: 1054 Unknown column 'os1' in 'field list' (SQL: update `cuestionariog` set `id` = 2, `os1` = , `os2` = , `os3` = , `os4` = , `updated_at` = 2021-02-24 20:16:00 where `id` = 2) [] []
[2021-02-24 20:46:06] App\Repositories\RegistrogRepository.ERROR: SQLSTATE[23000]: Integrity constraint violation: 1048 Column 'fe3' cannot be null (SQL: update `cuestionariog` set `id` = 1, `fe1` = 0.8, `fe2` = 0.6, `fe3` = , `fe4` = , `updated_at` = 2021-02-24 20:46:06 where `id` = 1) [] []
[2021-02-24 21:32:19] App\Repositories\AnalisisGRepository.ERROR: SQLSTATE[HY000]: General error: 1364 Field 'id_emp' doesn't have a default value (SQL: insert into `anavulg` (`updated_at`, `created_at`) values (2021-02-24 21:32:19, 2021-02-24 21:32:19)) [] []
